<?xml version="1.0" encoding="UTF-8" ?>
<testsuite errors="0" failures="0" hostname="ariel-mbpro.local" name="project.euler.Problem_02Test" tests="2" time="0.027" timestamp="2013-11-08T19:11:06">
  <properties>
    <property name="env.MYHOME" value="/Users/aalonso/" />
    <property name="file.encoding.pkg" value="sun.io" />
    <property name="env.rvm_bin_path" value="/Users/aalonso/.rvm/bin" />
    <property name="java.home" value="/Library/Java/JavaVirtualMachines/jdk1.7.0_21.jdk/Contents/Home/jre" />
    <property name="env.TLABS_HOME" value="/Users/aalonso/work/tlabs_home" />
    <property name="revision.global" value="50ba0d0d3d83" />
    <property name="env.SECURITYSESSIONID" value="186a5" />
    <property name="revision.local.tmp" value="14+" />
    <property name="java.endorsed.dirs" value="/Library/Java/JavaVirtualMachines/jdk1.7.0_21.jdk/Contents/Home/jre/lib/endorsed" />
    <property name="env.LOGNAME" value="aalonso" />
    <property name="gen" value="/Users/aalonso/work/project_euler/gen" />
    <property name="version.project" value="1.0.0" />
    <property name="sun.os.patch.level" value="unknown" />
    <property name="java.vendor.url" value="http://java.oracle.com/" />
    <property name="env.GRAILS_HOME" value="/opt/grails/current" />
    <property name="env.TERM_PROGRAM_VERSION" value="309" />
    <property name="java.version" value="1.7.0_21" />
    <property name="test.useFile" value="true" />
    <property name="env._first" value="0" />
    <property name="env.ANDROID_SDK_HOME" value="/opt/android/adt-bundle/sdk" />
    <property name="java.vendor.url.bug" value="http://bugreport.sun.com/bugreport/" />
    <property name="env.GEM_HOME" value="/Users/aalonso/.rvm/gems/ruby-1.9.3-p392" />
    <property name="ant.project.invoked-targets" value="test" />
    <property name="env.Apple_Ubiquity_Message" value="/tmp/launch-a7xQ58/Apple_Ubiquity_Message" />
    <property name="env.RUBY_VERSION" value="ruby-1.9.3-p392" />
    <property name="user.name" value="aalonso" />
    <property name="env.LANG" value="en_US.UTF-8" />
    <property name="build.number" value="0" />
    <property name="sun.io.unicode.encoding" value="UnicodeBig" />
    <property name="sun.jnu.encoding" value="UTF-8" />
    <property name="java.runtime.name" value="Java(TM) SE Runtime Environment" />
    <property name="test.formatter" value="xml" />
    <property name="revision.global.tmp" value="50ba0d0d3d83+" />
    <property name="java.specification.name" value="Java Platform API Specification" />
    <property name="ftp.nonProxyHosts" value="local|*.local|169.254/16|*.169.254/16" />
    <property name="user.timezone" value="" />
    <property name="env.rvm_warn_clr" value="[33m" />
    <property name="revision.local" value="14" />
    <property name="path.separator" value=":" />
    <property name="ant.file.project_euler" value="/Users/aalonso/work/project_euler/build.xml" />
    <property name="file.encoding" value="UTF-8" />
    <property name="test.haltOnFailure" value="no" />
    <property name="ant.project.default-target" value="help" />
    <property name="lib" value="/Users/aalonso/work/project_euler/lib" />
    <property name="env.HOME" value="/Users/aalonso" />
    <property name="sun.java.command" value="org.apache.tools.ant.launch.Launcher -cp  test" />
    <property name="env.TERM_SESSION_ID" value="52626CFE-4995-4343-8E44-C6993904A6F1" />
    <property name="env.__array_start" value="0" />
    <property name="socksNonProxyHosts" value="local|*.local|169.254/16|*.169.254/16" />
    <property name="ant.file" value="/Users/aalonso/work/project_euler/build.xml" />
    <property name="env.rvm_debug_clr" value="[35m" />
    <property name="env.CASSANDRA_HOME" value="/opt/apache/cassandra/current" />
    <property name="java.io.tmpdir" value="/var/folders/fn/lgpr8hw13q79fb_9pn9bl8x40000gp/T/" />
    <property name="user.language" value="en" />
    <property name="line.separator" value="&#xa;" />
    <property name="env.rvm_notify_clr" value="[32m" />
    <property name="env.ANT_OPTS" value="-Xmx4096m -Xms1024m -XX:PermSize=512m -XX:MaxPermSize=1024m" />
    <property name="ant.file.type" value="file" />
    <property name="java.vm.info" value="mixed mode" />
    <property name="env.VP3_TEST_HOME" value="/Users/aalonso/work/vp3test" />
    <property name="java.vm.specification.name" value="Java Virtual Machine Specification" />
    <property name="version" value="1.0.0.14.50ba0d0d3d83" />
    <property name="version.gen.file" value="/Users/aalonso/work/project_euler/gen/classes/project_euler.version" />
    <property name="env.__CF_USER_TEXT_ENCODING" value="0x1F6:0:0" />
    <property name="spec.pattern" value="**/*Spec.class" />
    <property name="http.nonProxyHosts" value="local|*.local|169.254/16|*.169.254/16" />
    <property name="src-unit" value="/Users/aalonso/work/project_euler/test/unit" />
    <property name="env.rvm_path" value="/Users/aalonso/.rvm" />
    <property name="env.GEM_PATH" value="/Users/aalonso/.rvm/gems/ruby-1.9.3-p392:/Users/aalonso/.rvm/gems/ruby-1.9.3-p392@global" />
    <property name="java.awt.printerjob" value="sun.lwawt.macosx.CPrinterJob" />
    <property name="env.CLICOLOR" value="1" />
    <property name="ant.version" value="Apache Ant(TM) version 1.8.2 compiled on June 16 2012" />
    <property name="gopherProxySet" value="false" />
    <property name="version.project.tmp" value="1.0.0&#xa;" />
    <property name="os.name" value="Mac OS X" />
    <property name="java.specification.vendor" value="Oracle Corporation" />
    <property name="env.rvm_version" value="1.18.15 (stable)" />
    <property name="env.VP3_DEPLOYMENT_HOME" value="/Users/aalonso/work/vp3deployment" />
    <property name="env.TERM" value="xterm-256color" />
    <property name="java.vm.name" value="Java HotSpot(TM) 64-Bit Server VM" />
    <property name="env.rvm_error_clr" value="[31m" />
    <property name="java.library.path" value="/Users/aalonso/Library/Java/Extensions:/Library/Java/Extensions:/Network/Library/Java/Extensions:/System/Library/Java/Extensions:/usr/lib/java:." />
    <property name="env.WORK_DIR" value="/Users/aalonso/work" />
    <property name="env.rvm_prefix" value="/Users/aalonso" />
    <property name="env.PATH" value="/opt/local/bin:/opt/local/sbin:/opt/local/bin:/opt/local/sbin:/Users/aalonso/.rvm/gems/ruby-1.9.3-p392/bin:/Users/aalonso/.rvm/gems/ruby-1.9.3-p392@global/bin:/Users/aalonso/.rvm/rubies/ruby-1.9.3-p392/bin:/Users/aalonso/.rvm/bin:/usr/local/heroku/bin:/Users/aalonso/bin:/opt/android/adt-bundle/sdk/platform-tools:/opt/android/adt-bundle/sdk/tools:/Library/Frameworks/Python.framework/Versions/3.3//bin:/opt/apache/cassandra/current/bin:/opt/groovy/current/bin:/opt/grails/current/bin:/Applications/splunk/bin:/Users/aalonso/work/vp3deployment/bin:/Users/aalonso/work/storeboarding/bin:/Users/aalonso/work/toxic/bin:/Users/aalonso/work/tlabs_home/current/bin:/Users/aalonso/work/tlabs_home:/Library/Java/JavaVirtualMachines/jdk1.7.0_21.jdk/Contents/Home/bin:/usr/bin:/bin:/usr/sbin:/sbin:/usr/local/bin" />
    <property name="ant.java.version" value="1.7" />
    <property name="version.file" value="/Users/aalonso/work/project_euler/VERSION" />
    <property name="basedir" value="/Users/aalonso/work/project_euler" />
    <property name="java.class.version" value="51.0" />
    <property name="env.SHLVL" value="1" />
    <property name="ant.home" value="/usr/share/ant" />
    <property name="env.JAVA_MAIN_CLASS_1670" value="org.apache.tools.ant.launch.Launcher" />
    <property name="sun.boot.library.path" value="/Library/Java/JavaVirtualMachines/jdk1.7.0_21.jdk/Contents/Home/jre/lib" />
    <property name="env.TOXIC_HOME" value="/Users/aalonso/work/toxic" />
    <property name="sun.management.compiler" value="HotSpot 64-Bit Tiered Compilers" />
    <property name="java.awt.graphicsenv" value="sun.awt.CGraphicsEnvironment" />
    <property name="env.USER" value="aalonso" />
    <property name="env.TERM_PROGRAM" value="Apple_Terminal" />
    <property name="env.STOREBOARDING_HOME" value="/Users/aalonso/work/storeboarding" />
    <property name="env.rvm_reset_clr" value="(B[m" />
    <property name="env.COMMAND_MODE" value="unix2003" />
    <property name="ant.project.name" value="project_euler" />
    <property name="java.vm.specification.version" value="1.7" />
    <property name="awt.toolkit" value="sun.lwawt.macosx.LWCToolkit" />
    <property name="env.MY_RUBY_HOME" value="/Users/aalonso/.rvm/rubies/ruby-1.9.3-p392" />
    <property name="sun.cpu.isalist" value="" />
    <property name="env.GROOVY_HOME" value="/opt/groovy/current" />
    <property name="java.ext.dirs" value="/Users/aalonso/Library/Java/Extensions:/Library/Java/JavaVirtualMachines/jdk1.7.0_21.jdk/Contents/Home/jre/lib/ext:/Library/Java/Extensions:/Network/Library/Java/Extensions:/System/Library/Java/Extensions:/usr/lib/java" />
    <property name="os.version" value="10.8.5" />
    <property name="user.home" value="/Users/aalonso" />
    <property name="java.vm.vendor" value="Oracle Corporation" />
    <property name="env.JAVA_HOME" value="/Library/Java/JavaVirtualMachines/jdk1.7.0_21.jdk/Contents/Home" />
    <property name="env._second" value="1" />
    <property name="user.dir" value="/Users/aalonso/work/project_euler" />
    <property name="env.PWD" value="/Users/aalonso/work/project_euler" />
    <property name="sun.cpu.endian" value="little" />
    <property name="env.TMPDIR" value="/var/folders/fn/lgpr8hw13q79fb_9pn9bl8x40000gp/T/" />
    <property name="java.vm.version" value="23.21-b01" />
    <property name="java.class.path" value="/usr/share/ant/lib/ant-launcher.jar:/usr/share/ant/lib/ant-antlr.jar:/usr/share/ant/lib/ant-jmf.jar:/usr/share/ant/lib/ant-junit.jar:/usr/share/ant/lib/ant-junit4.jar:/usr/share/ant/lib/ant-launcher.jar:/usr/share/ant/lib/ant-swing.jar:/usr/share/ant/lib/ant-testutil.jar:/usr/share/ant/lib/ant.jar:/Library/Java/JavaVirtualMachines/jdk1.7.0_21.jdk/Contents/Home/lib/tools.jar" />
    <property name="env.escape_flag" value="1" />
    <property name="test.pattern" value="**/*Test.class" />
    <property name="ant.file.type.project_euler" value="file" />
    <property name="ant.library.dir" value="/usr/share/ant/lib" />
    <property name="os.arch" value="x86_64" />
    <property name="env.Apple_PubSub_Socket_Render" value="/tmp/launch-ceOpCz/Render" />
    <property name="sun.java.launcher" value="SUN_STANDARD" />
    <property name="test.haltOnError" value="no" />
    <property name="env.SPLUNK_HOME" value="/Applications/splunk" />
    <property name="package.version" value="1.0.0.14" />
    <property name="ant.core.lib" value="/usr/share/ant/lib/ant.jar" />
    <property name="java.vm.specification.vendor" value="Oracle Corporation" />
    <property name="file.separator" value="/" />
    <property name="java.runtime.version" value="1.7.0_21-b12" />
    <property name="env.SSH_AUTH_SOCK" value="/tmp/launch-92sOEE/Listeners" />
    <property name="sun.boot.class.path" value="/Library/Java/JavaVirtualMachines/jdk1.7.0_21.jdk/Contents/Home/jre/lib/resources.jar:/Library/Java/JavaVirtualMachines/jdk1.7.0_21.jdk/Contents/Home/jre/lib/rt.jar:/Library/Java/JavaVirtualMachines/jdk1.7.0_21.jdk/Contents/Home/jre/lib/sunrsasign.jar:/Library/Java/JavaVirtualMachines/jdk1.7.0_21.jdk/Contents/Home/jre/lib/jsse.jar:/Library/Java/JavaVirtualMachines/jdk1.7.0_21.jdk/Contents/Home/jre/lib/jce.jar:/Library/Java/JavaVirtualMachines/jdk1.7.0_21.jdk/Contents/Home/jre/lib/charsets.jar:/Library/Java/JavaVirtualMachines/jdk1.7.0_21.jdk/Contents/Home/jre/lib/jfr.jar:/Library/Java/JavaVirtualMachines/jdk1.7.0_21.jdk/Contents/Home/jre/lib/JObjC.jar:/Library/Java/JavaVirtualMachines/jdk1.7.0_21.jdk/Contents/Home/jre/classes" />
    <property name="env.USE_SYSTEM_JRE" value="1" />
    <property name="user.country" value="US" />
    <property name="env.SHELL" value="/bin/bash" />
    <property name="src" value="/Users/aalonso/work/project_euler/src" />
    <property name="env.PYTHON_HOME" value="/Library/Frameworks/Python.framework/Versions/3.3/" />
    <property name="env.JRUBY_OPTS" value="-J-XX:MaxPermSize=1024m" />
    <property name="java.vendor" value="Oracle Corporation" />
    <property name="env.TLABS_CONFIG_DIR" value="/Users/aalonso/work/tlabs_home/conf" />
    <property name="java.specification.version" value="1.7" />
    <property name="env.IRBRC" value="/Users/aalonso/.rvm/rubies/ruby-1.9.3-p392/.irbrc" />
    <property name="sun.arch.data.model" value="64" />
  </properties>
  <testcase classname="project.euler.Problem_02Test" name="should_generate_fibonacci_sequence" time="0.016" />
  <testcase classname="project.euler.Problem_02Test" name="should_only_add_even_valued_terms" time="0.004" />
  <system-out><![CDATA[]]></system-out>
  <system-err><![CDATA[]]></system-err>
</testsuite>
